ERROR   2021-11-22 12:41:06,234 [http-nio-8080-exec-5] com.dsc.fptublog.rest.AdminResource  - com.microsoft.sqlserver.jdbc.SQLServerException: The value is not set for the parameter number 2.
ERROR   2021-11-22 12:50:34,054 [http-nio-8080-exec-5] com.dsc.fptublog.rest.AdminResource  - com.microsoft.sqlserver.jdbc.SQLServerException: Invalid column name 'thumbnail_url'.
ERROR   2021-11-23 11:08:35,436 [http-nio-8080-exec-4] com.dsc.fptublog.rest.FieldResource  - com.microsoft.sqlserver.jdbc.SQLServerException: Ambiguous column name 'status_id'.
ERROR   2021-11-23 11:08:38,737 [http-nio-8080-exec-5] com.dsc.fptublog.rest.FieldResource  - com.microsoft.sqlserver.jdbc.SQLServerException: Ambiguous column name 'status_id'.
ERROR   2021-11-23 11:09:06,621 [http-nio-8080-exec-10] com.dsc.fptublog.rest.FieldResource  - com.microsoft.sqlserver.jdbc.SQLServerException: Ambiguous column name 'status_id'.
ERROR   2021-11-23 11:09:14,351 [http-nio-8080-exec-8] com.dsc.fptublog.rest.FieldResource  - com.microsoft.sqlserver.jdbc.SQLServerException: Ambiguous column name 'status_id'.
ERROR   2021-11-23 14:27:04,790 [http-nio-8080-exec-3] com.dsc.fptublog.rest.FieldResource  - com.microsoft.sqlserver.jdbc.SQLServerException: Ambiguous column name 'status_id'.
ERROR   2021-11-23 14:27:11,205 [http-nio-8080-exec-7] com.dsc.fptublog.rest.FieldResource  - com.microsoft.sqlserver.jdbc.SQLServerException: Ambiguous column name 'status_id'.
ERROR   2021-11-23 15:49:59,398 [http-nio-8080-exec-10] com.dsc.fptublog.rest.LecturerResource  - com.microsoft.sqlserver.jdbc.SQLServerException: Conversion failed when converting from a character string to uniqueidentifier.
ERROR   2021-11-23 16:36:58,162 [http-nio-8080-exec-9] com.dsc.fptublog.rest.AdminResource  - com.microsoft.sqlserver.jdbc.SQLServerException: Violation of UNIQUE KEY constraint 'UQ__category__72E12F1B88B5B1CA'. Cannot insert duplicate key in object 'dbo.category'. The duplicate key value is (New Fields).
ERROR   2021-11-23 21:46:02,654 [http-nio-8080-exec-7] com.dsc.fptublog.rest.TagResource  - com.microsoft.sqlserver.jdbc.SQLServerException: Conversion failed when converting from a character string to uniqueidentifier.
ERROR   2021-11-23 21:55:20,551 [http-nio-8080-exec-3] com.dsc.fptublog.rest.BlogResource  - com.microsoft.sqlserver.jdbc.SQLServerException: Conversion failed when converting from a character string to uniqueidentifier.
ERROR   2021-11-23 21:57:16,512 [http-nio-8080-exec-6] com.dsc.fptublog.rest.BlogResource  - com.microsoft.sqlserver.jdbc.SQLServerException: Conversion failed when converting from a character string to uniqueidentifier.
ERROR   2021-11-23 22:13:10,862 [http-nio-8080-exec-6] com.dsc.fptublog.rest.AdminResource  - com.microsoft.sqlserver.jdbc.SQLServerException: Conversion failed when converting from a character string to uniqueidentifier.
ERROR   2021-11-23 22:16:13,791 [http-nio-8080-exec-2] com.dsc.fptublog.rest.AdminResource  - com.microsoft.sqlserver.jdbc.SQLServerException: Cannot insert the value NULL into column 'category_id', table 'FPTUBlog.dbo.blog_history'; column does not allow nulls. INSERT fails.
ERROR   2021-11-23 22:18:11,682 [http-nio-8080-exec-1] com.dsc.fptublog.rest.TagResource  - com.microsoft.sqlserver.jdbc.SQLServerException: Conversion failed when converting from a character string to uniqueidentifier.
ERROR   2021-11-23 22:23:07,082 [http-nio-8080-exec-8] com.dsc.fptublog.rest.TagResource  - com.microsoft.sqlserver.jdbc.SQLServerException: Conversion failed when converting from a character string to uniqueidentifier.
ERROR   2021-11-23 22:29:15,950 [http-nio-8080-exec-4] com.dsc.fptublog.rest.AdminResource  - com.microsoft.sqlserver.jdbc.SQLServerException: The conversion from uniqueidentifier to NCHAR is unsupported.
ERROR   2021-11-23 22:32:32,908 [http-nio-8080-exec-1] com.dsc.fptublog.rest.AdminResource  - com.microsoft.sqlserver.jdbc.SQLServerException: The conversion from uniqueidentifier to NCHAR is unsupported.
ERROR   2021-11-23 22:34:41,365 [http-nio-8080-exec-5] com.dsc.fptublog.rest.AdminResource  - com.microsoft.sqlserver.jdbc.SQLServerException: The conversion from uniqueidentifier to NCHAR is unsupported.
ERROR   2021-11-23 22:42:50,224 [http-nio-8080-exec-5] com.dsc.fptublog.rest.AdminResource  - com.microsoft.sqlserver.jdbc.SQLServerException: The conversion from uniqueidentifier to NCHAR is unsupported.
ERROR   2021-11-23 22:54:21,353 [http-nio-8080-exec-3] com.dsc.fptublog.rest.AdminResource  - com.microsoft.sqlserver.jdbc.SQLServerException: The conversion from uniqueidentifier to NCHAR is unsupported.
ERROR   2021-11-23 22:57:13,284 [http-nio-8080-exec-5] com.dsc.fptublog.rest.AdminResource  - com.microsoft.sqlserver.jdbc.SQLServerException: The conversion from uniqueidentifier to NCHAR is unsupported.
